<?xml version="1.0" encoding="UTF-8"?>
<testng-results ignored="0" total="1" passed="1" failed="0" skipped="0">
  <reporter-output>
  </reporter-output>
  <suite started-at="2020-04-26T13:42:03 IST" name="Suite" finished-at="2020-04-26T13:42:03 IST" duration-ms="86">
    <groups>
    </groups>
    <test started-at="2020-04-26T13:42:03 IST" name="Test" finished-at="2020-04-26T13:42:03 IST" duration-ms="86">
      <class name="Package1.scnd">
        <test-method signature="m1()[pri:0, instance:Package1.scnd@76ed1b7c]" started-at="2020-04-26T13:42:03 IST" name="m1" finished-at="2020-04-26T13:42:03 IST" duration-ms="13" status="PASS">
          <reporter-output>
          </reporter-output>
        </test-method> <!-- m1 -->
      </class> <!-- Package1.scnd -->
    </test> <!-- Test -->
  </suite> <!-- Suite -->
</testng-results>
